[1547453443616] GET /a 
[1547453491448] GET /a 
[1547453620901] GET /a 
[1547516947524] GET / 
[1547516947528] GET /robots.txt 
[1547516948479] GET /favicon.ico 
[1547517003747] GET / 
[1547517003932] GET /js/jquery.min.js 
[1547517003933] GET /img/avatar_im.jpg 
[1547517003934] GET /img/v_xs.jpg 
[1547517003943] GET /css/main.css 
[1547517017964] GET /css/main.css 
[1547517018807] GET /css/main.app.8805f88891008fe3153a.css.map 
[1547519007238] GET /detail/1 
[1547519081730] GET /detail/1 
[1547519089974] GET /detail/1 
[1547519096515] GET /detail/3 
[1547519102325] GET /detail/5 
[1547519105933] GET /detail/6 
[1547519109626] GET /detail/8 
[1547519134203] GET / 
[1547519134286] GET /css/main.css 
[1547519134289] GET /img/avatar_im.jpg 
[1547519134290] GET /img/v_xs.jpg 
[1547519134288] GET /js/jquery.min.js 
[1547519141537] GET / 
[1547519141729] GET /css/main.css 
[1547519141730] GET /js/jquery.min.js 
[1547519141732] GET /img/avatar_im.jpg 
[1547519141732] GET /img/v_xs.jpg 
[1547519143013] GET /detail/7 
[1547519382734] GET /detail/7 
[1547519484464] GET /detail/7 
[1547519578065] GET /detail/7 
[1547519578252] GET /css/main.css 
[1547519578259] GET /detail/js/jquery.min.js 
[1547519578260] GET /img/avatar_im.jpg 
[1547519578260] GET /detail/img/avatar_im.jpg 
[1547519578463] GET /img/v_l.jpg 
[1547519600356] GET /css/main.css 
[1547519600553] GET /css/main.app.8805f88891008fe3153a.css.map 
[1547520082833] GET / 
[1547520082907] GET /css/main.css 
[1547520082924] GET /js/jquery.min.js 
[1547520082935] GET /img/avatar_im.jpg 
[1547520082936] GET /img/v_xs.jpg 
[1547520083394] GET /css/main.app.8805f88891008fe3153a.css.map 
[1547520090673] GET /detail/1 
[1547520090753] GET /css/main.css 
[1547520090759] GET /detail/js/jquery.min.js 
[1547520090762] GET /detail/img/avatar_im.jpg 
[1547520090764] GET /img/avatar_im.jpg 
[1547520090967] GET /img/v_l.jpg 
[1547520091198] GET /css/main.app.8805f88891008fe3153a.css.map 
[1547520252478] GET /detail/1 
[1547520252557] GET /css/main.css 
[1547520252559] GET /detail/js/jquery.min.js 
[1547520252562] GET /detail/img/avatar_im.jpg 
[1547520252563] GET /img/avatar_im.jpg 
[1547520252912] GET /img/v_l.jpg 
[1547520253109] GET /css/main.app.8805f88891008fe3153a.css.map 
[1547520261028] GET /detail/1 
[1547520261232] GET /css/main.css 
[1547520261235] GET /detail/js/jquery.min.js 
[1547520261236] GET /detail/img/avatar_im.jpg 
[1547520261237] GET /img/avatar_im.jpg 
[1547520261467] GET /img/v_l.jpg 
[1547520261600] GET /css/main.app.8805f88891008fe3153a.css.map 
[1547520265570] GET /css/main.app.8805f88891008fe3153a.css.map 
[1547520267630] GET / 
[1547520267699] GET /css/main.css 
[1547520267700] GET /js/jquery.min.js 
[1547520267702] GET /img/avatar_im.jpg 
[1547520267703] GET /img/v_xs.jpg 
[1547520268179] GET /css/main.app.8805f88891008fe3153a.css.map 
[1547520271680] GET /detail/1 
[1547520271738] GET /css/main.css 
[1547520271739] GET /detail/js/jquery.min.js 
[1547520271741] GET /detail/img/avatar_im.jpg 
[1547520271746] GET /img/avatar_im.jpg 
[1547520271948] GET /img/v_l.jpg 
[1547520272091] GET /css/main.app.8805f88891008fe3153a.css.map 
[1547520363036] GET /detail/1 
[1547520363229] GET /css/main.css 
[1547520363230] GET /js/jquery.min.js 
[1547520363232] GET /img/avatar_im.jpg 
[1547520363233] GET /img/v_l.jpg 
[1547520363708] GET /css/main.app.8805f88891008fe3153a.css.map 
[1547520735196] GET /css/main.css 
[1547520735520] GET /css/main.app.8805f88891008fe3153a.css.map 
[1547521786229] GET /css/main.app.8805f88891008fe3153a.css.map 
[1547521792251] GET /detail/1 
[1547521792316] GET /css/main.css 
[1547521792321] GET /img/v_l.jpg 
[1547521792320] GET /img/avatar_im.jpg 
[1547521792318] GET /js/jquery.min.js 
[1547521792819] GET /css/main.app.8805f88891008fe3153a.css.map 
